<?xml version="1.0" encoding="UTF-8"?>
<!-- Generated by org.testng.reporters.JUnitXMLReporter -->
<testsuite ignored="0" hostname="GOD" failures="0" tests="12" name="Test Maven Testing" time="0.091" errors="0" timestamp="2020-04-09T20:13:51 IST">
  <testcase classname="com.mavensonar.test.MavenSonar.DemoTest" name="div" time="0.007"/>
  <testcase classname="com.mavensonar.test.MavenSonar.DemoTest" name="mul" time="0.0"/>
  <testcase classname="com.mavensonar.test.MavenSonar.DemoTest" name="sub" time="0.0"/>
  <testcase classname="com.mavensonar.test.MavenSonar.DemoTest" name="sum" time="0.001"/>
  <testcase classname="com.mavensonar.test.MavenSonar.DemoTest1" name="div" time="0.0"/>
  <testcase classname="com.mavensonar.test.MavenSonar.DemoTest1" name="mul" time="0.0"/>
  <testcase classname="com.mavensonar.test.MavenSonar.DemoTest1" name="sub" time="0.0"/>
  <testcase classname="com.mavensonar.test.MavenSonar.DemoTest1" name="sum" time="0.0"/>
  <testcase classname="com.mavensonar.test.MavenSonar.DemoTest2" name="div" time="0.0"/>
  <testcase classname="com.mavensonar.test.MavenSonar.DemoTest2" name="mul" time="0.001"/>
  <testcase classname="com.mavensonar.test.MavenSonar.DemoTest2" name="sub" time="0.0"/>
  <testcase classname="com.mavensonar.test.MavenSonar.DemoTest2" name="sum" time="0.0"/>
</testsuite> <!-- Test Maven Testing -->
