<?xml version="1.0" encoding="UTF-8"?>
<testng-results ignored="0" total="12" passed="12" failed="0" skipped="0">
  <reporter-output>
  </reporter-output>
  <suite started-at="2020-04-09T20:13:51 IST" name="Test Maven Suite" finished-at="2020-04-09T20:13:51 IST" duration-ms="91">
    <groups>
    </groups>
    <test started-at="2020-04-09T20:13:51 IST" name="Test Maven Testing" finished-at="2020-04-09T20:13:51 IST" duration-ms="91">
      <class name="com.mavensonar.test.MavenSonar.DemoTest">
        <test-method signature="div()[pri:0, instance:com.mavensonar.test.MavenSonar.DemoTest@36f0f1be]" started-at="2020-04-09T20:13:51 IST" name="div" finished-at="2020-04-09T20:13:51 IST" duration-ms="7" status="PASS">
          <reporter-output>
          </reporter-output>
        </test-method> <!-- div -->
        <test-method signature="mul()[pri:0, instance:com.mavensonar.test.MavenSonar.DemoTest@36f0f1be]" started-at="2020-04-09T20:13:51 IST" name="mul" finished-at="2020-04-09T20:13:51 IST" duration-ms="0" status="PASS">
          <reporter-output>
          </reporter-output>
        </test-method> <!-- mul -->
        <test-method signature="sub()[pri:0, instance:com.mavensonar.test.MavenSonar.DemoTest@36f0f1be]" started-at="2020-04-09T20:13:51 IST" name="sub" finished-at="2020-04-09T20:13:51 IST" duration-ms="0" status="PASS">
          <reporter-output>
          </reporter-output>
        </test-method> <!-- sub -->
        <test-method signature="sum()[pri:0, instance:com.mavensonar.test.MavenSonar.DemoTest@36f0f1be]" started-at="2020-04-09T20:13:51 IST" name="sum" finished-at="2020-04-09T20:13:51 IST" duration-ms="1" status="PASS">
          <reporter-output>
          </reporter-output>
        </test-method> <!-- sum -->
      </class> <!-- com.mavensonar.test.MavenSonar.DemoTest -->
      <class name="com.mavensonar.test.MavenSonar.DemoTest1">
        <test-method signature="div()[pri:0, instance:com.mavensonar.test.MavenSonar.DemoTest1@157632c9]" started-at="2020-04-09T20:13:51 IST" name="div" finished-at="2020-04-09T20:13:51 IST" duration-ms="0" status="PASS">
          <reporter-output>
          </reporter-output>
        </test-method> <!-- div -->
        <test-method signature="mul()[pri:0, instance:com.mavensonar.test.MavenSonar.DemoTest1@157632c9]" started-at="2020-04-09T20:13:51 IST" name="mul" finished-at="2020-04-09T20:13:51 IST" duration-ms="0" status="PASS">
          <reporter-output>
          </reporter-output>
        </test-method> <!-- mul -->
        <test-method signature="sub()[pri:0, instance:com.mavensonar.test.MavenSonar.DemoTest1@157632c9]" started-at="2020-04-09T20:13:51 IST" name="sub" finished-at="2020-04-09T20:13:51 IST" duration-ms="0" status="PASS">
          <reporter-output>
          </reporter-output>
        </test-method> <!-- sub -->
        <test-method signature="sum()[pri:0, instance:com.mavensonar.test.MavenSonar.DemoTest1@157632c9]" started-at="2020-04-09T20:13:51 IST" name="sum" finished-at="2020-04-09T20:13:51 IST" duration-ms="0" status="PASS">
          <reporter-output>
          </reporter-output>
        </test-method> <!-- sum -->
      </class> <!-- com.mavensonar.test.MavenSonar.DemoTest1 -->
      <class name="com.mavensonar.test.MavenSonar.DemoTest2">
        <test-method signature="div()[pri:0, instance:com.mavensonar.test.MavenSonar.DemoTest2@6ee12bac]" started-at="2020-04-09T20:13:51 IST" name="div" finished-at="2020-04-09T20:13:51 IST" duration-ms="0" status="PASS">
          <reporter-output>
          </reporter-output>
        </test-method> <!-- div -->
        <test-method signature="mul()[pri:0, instance:com.mavensonar.test.MavenSonar.DemoTest2@6ee12bac]" started-at="2020-04-09T20:13:51 IST" name="mul" finished-at="2020-04-09T20:13:51 IST" duration-ms="1" status="PASS">
          <reporter-output>
          </reporter-output>
        </test-method> <!-- mul -->
        <test-method signature="sub()[pri:0, instance:com.mavensonar.test.MavenSonar.DemoTest2@6ee12bac]" started-at="2020-04-09T20:13:51 IST" name="sub" finished-at="2020-04-09T20:13:51 IST" duration-ms="0" status="PASS">
          <reporter-output>
          </reporter-output>
        </test-method> <!-- sub -->
        <test-method signature="sum()[pri:0, instance:com.mavensonar.test.MavenSonar.DemoTest2@6ee12bac]" started-at="2020-04-09T20:13:51 IST" name="sum" finished-at="2020-04-09T20:13:51 IST" duration-ms="0" status="PASS">
          <reporter-output>
          </reporter-output>
        </test-method> <!-- sum -->
      </class> <!-- com.mavensonar.test.MavenSonar.DemoTest2 -->
    </test> <!-- Test Maven Testing -->
  </suite> <!-- Test Maven Suite -->
</testng-results>
